<?xml version="1.0" encoding="utf-8"?><testsuites name="pytest tests"><testsuite name="pytest" errors="0" failures="1" skipped="0" tests="21" time="5.644" timestamp="2026-08-08T18:13:57.917448+00:00" hostname="agent-env-965c2ddf-7868-4bc8-ae3a-2c90c7e3480a"><testcase classname="tests.backend_test.TestAuth" name="test_login_admin" time="0.666" /><testcase classname="tests.backend_test.TestItems" name="test_list_items_seeded" time="0.675" /><testcase classname="tests.backend_test.TestAuth" name="test_login_staff" time="0.324" /><testcase classname="tests.backend_test.TestAuth" name="test_login_invalid" time="0.497" /><testcase classname="tests.backend_test.TestItems" name="test_staff_cannot_create_item" time="0.910" /><testcase classname="tests.backend_test.TestAuth" name="test_me_requires_auth" time="0.095" /><testcase classname="tests.backend_test.TestItems" name="test_staff_cannot_export" time="0.096" /><testcase classname="tests.backend_test.TestItems" name="test_admin_crud_item" time="0.861" /><testcase classname="tests.backend_test.TestAuth" name="test_me_admin" time="0.470" /><testcase classname="tests.backend_test.TestMaster" name="test_warehouse_crud" time="0.346" /><testcase classname="tests.backend_test.TestMaster" name="test_brand_crud_and_delete_guard" time="0.581" /><testcase classname="tests.backend_test.TestItems" name="test_export_xlsx" time="0.111" /><testcase classname="tests.backend_test.TestSuratJalan" name="test_full_sj_and_return_flow" time="1.245" /><testcase classname="tests.backend_test.TestMaster" name="test_category_crud" time="0.201" /><testcase classname="tests.backend_test.TestMaster" name="test_staff_denied_master" time="0.798" /><testcase classname="tests.backend_test.TestSuratJalan" name="test_sj_insufficient_stock" time="0.561" /><testcase classname="tests.backend_test.TestMaster" name="test_create_user" time="0.327" /><testcase classname="tests.backend_test.TestPenerimaan" name="test_create_penerimaan_existing_and_new" time="0.489" /><testcase classname="tests.backend_test.TestSuratJalan" name="test_sj_list_filters" time="0.193" /><testcase classname="tests.backend_test.TestDashboard" name="test_dashboard_kpis" time="0.108"><failure message="assert 12 == 11">backend/tests/backend_test.py:66: in test_dashboard_kpis
    assert d["jenis_barang"] == 11
E   assert 12 == 11</failure></testcase><testcase classname="tests.backend_test.TestPenerimaan" name="test_penerimaan_new_dup_sku" time="0.330" /></testsuite></testsuites>